::1 - - [22/Mar/2018:11:33:11 +0000] "GET /users HTTP/1.1" 200 706 "-" "PostmanRuntime/7.1.1"
::1 - - [22/Mar/2018:12:06:59 +0000] "GET / HTTP/1.1" 404 139 "-" "Mozilla/5.0 (Windows NT 10.0; Win64; x64) AppleWebKit/537.36 (KHTML, like Gecko) Chrome/64.0.3282.186 Safari/537.36"
::1 - - [22/Mar/2018:12:08:08 +0000] "GET /users/2 HTTP/1.1" 400 22 "-" "Mozilla/5.0 (Windows NT 10.0; Win64; x64) AppleWebKit/537.36 (KHTML, like Gecko) Chrome/64.0.3282.186 Safari/537.36"
::1 - - [22/Mar/2018:19:25:57 +0000] "GET /tweets HTTP/1.1" 500 - "-" "Mozilla/5.0 (Windows NT 10.0; Win64; x64) AppleWebKit/537.36 (KHTML, like Gecko) Chrome/65.0.3325.181 Safari/537.36"
::1 - - [22/Mar/2018:19:26:28 +0000] "GET /tweets HTTP/1.1" 500 - "-" "Mozilla/5.0 (Windows NT 10.0; Win64; x64) AppleWebKit/537.36 (KHTML, like Gecko) Chrome/65.0.3325.181 Safari/537.36"
::1 - - [22/Mar/2018:19:35:49 +0000] "GET /tweets HTTP/1.1" 500 - "-" "Mozilla/5.0 (Windows NT 10.0; Win64; x64) AppleWebKit/537.36 (KHTML, like Gecko) Chrome/65.0.3325.181 Safari/537.36"
::1 - - [22/Mar/2018:19:38:20 +0000] "GET /tweets HTTP/1.1" - - "-" "Mozilla/5.0 (Windows NT 10.0; Win64; x64) AppleWebKit/537.36 (KHTML, like Gecko) Chrome/65.0.3325.181 Safari/537.36"
::1 - - [22/Mar/2018:19:38:20 +0000] "GET /tweets HTTP/1.1" 500 - "-" "Mozilla/5.0 (Windows NT 10.0; Win64; x64) AppleWebKit/537.36 (KHTML, like Gecko) Chrome/65.0.3325.181 Safari/537.36"
::1 - - [22/Mar/2018:19:39:52 +0000] "GET /tweets HTTP/1.1" - - "-" "Mozilla/5.0 (Windows NT 10.0; Win64; x64) AppleWebKit/537.36 (KHTML, like Gecko) Chrome/65.0.3325.181 Safari/537.36"
::ffff:127.0.0.1 - - [22/Mar/2018:19:39:52 +0000] "GET /tweets HTTP/1.1" 500 - "-" "Mozilla/5.0 (Windows NT 10.0; Win64; x64) AppleWebKit/537.36 (KHTML, like Gecko) Chrome/65.0.3325.181 Safari/537.36"
::1 - - [22/Mar/2018:19:40:47 +0000] "GET /tweets HTTP/1.1" - - "-" "Mozilla/5.0 (Windows NT 10.0; Win64; x64) AppleWebKit/537.36 (KHTML, like Gecko) Chrome/65.0.3325.181 Safari/537.36"
::1 - - [22/Mar/2018:19:40:47 +0000] "GET /tweets HTTP/1.1" 500 - "-" "Mozilla/5.0 (Windows NT 10.0; Win64; x64) AppleWebKit/537.36 (KHTML, like Gecko) Chrome/65.0.3325.181 Safari/537.36"
::1 - - [22/Mar/2018:19:44:05 +0000] "GET /tweets HTTP/1.1" 200 133 "-" "Mozilla/5.0 (Windows NT 10.0; Win64; x64) AppleWebKit/537.36 (KHTML, like Gecko) Chrome/65.0.3325.181 Safari/537.36"
::1 - - [22/Mar/2018:19:58:24 +0000] "GET /tweets HTTP/1.1" 304 - "-" "Mozilla/5.0 (Windows NT 10.0; Win64; x64) AppleWebKit/537.36 (KHTML, like Gecko) Chrome/65.0.3325.181 Safari/537.36"
::1 - - [22/Mar/2018:20:05:53 +0000] "GET /tweets HTTP/1.1" 304 - "-" "Mozilla/5.0 (Windows NT 10.0; Win64; x64) AppleWebKit/537.36 (KHTML, like Gecko) Chrome/65.0.3325.181 Safari/537.36"
::1 - - [22/Mar/2018:20:08:36 +0000] "GET /users HTTP/1.1" 200 227 "-" "Mozilla/5.0 (Windows NT 10.0; Win64; x64) AppleWebKit/537.36 (KHTML, like Gecko) Chrome/65.0.3325.181 Safari/537.36"
::1 - - [22/Mar/2018:20:11:51 +0000] "GET /user HTTP/1.1" 404 143 "-" "Mozilla/5.0 (Windows NT 10.0; Win64; x64) AppleWebKit/537.36 (KHTML, like Gecko) Chrome/65.0.3325.181 Safari/537.36"
::1 - - [22/Mar/2018:20:11:57 +0000] "GET /users HTTP/1.1" 304 - "-" "Mozilla/5.0 (Windows NT 10.0; Win64; x64) AppleWebKit/537.36 (KHTML, like Gecko) Chrome/65.0.3325.181 Safari/537.36"
::1 - - [22/Mar/2018:20:12:34 +0000] "GET /tweets HTTP/1.1" 304 - "-" "Mozilla/5.0 (Windows NT 10.0; Win64; x64) AppleWebKit/537.36 (KHTML, like Gecko) Chrome/65.0.3325.181 Safari/537.36"
::1 - - [22/Mar/2018:20:16:27 +0000] "GET /tweets HTTP/1.1" 500 - "-" "Mozilla/5.0 (Windows NT 10.0; Win64; x64) AppleWebKit/537.36 (KHTML, like Gecko) Chrome/65.0.3325.181 Safari/537.36"
::1 - - [22/Mar/2018:20:16:39 +0000] "GET /users HTTP/1.1" 500 - "-" "Mozilla/5.0 (Windows NT 10.0; Win64; x64) AppleWebKit/537.36 (KHTML, like Gecko) Chrome/65.0.3325.181 Safari/537.36"
::1 - - [22/Mar/2018:20:17:47 +0000] "GET /tweets HTTP/1.1" 200 133 "-" "Mozilla/5.0 (Windows NT 10.0; Win64; x64) AppleWebKit/537.36 (KHTML, like Gecko) Chrome/65.0.3325.181 Safari/537.36"
::1 - - [22/Mar/2018:20:19:26 +0000] "GET /users HTTP/1.1" 200 218 "-" "Mozilla/5.0 (Windows NT 10.0; Win64; x64) AppleWebKit/537.36 (KHTML, like Gecko) Chrome/65.0.3325.181 Safari/537.36"
::1 - - [22/Mar/2018:20:20:10 +0000] "GET /users/yonaycl@gmail.com HTTP/1.1" 500 - "-" "Mozilla/5.0 (Windows NT 10.0; Win64; x64) AppleWebKit/537.36 (KHTML, like Gecko) Chrome/65.0.3325.181 Safari/537.36"
::1 - - [22/Mar/2018:20:20:28 +0000] "GET /users/yonaycl@gmail.com HTTP/1.1" 500 - "-" "Mozilla/5.0 (Windows NT 10.0; Win64; x64) AppleWebKit/537.36 (KHTML, like Gecko) Chrome/65.0.3325.181 Safari/537.36"
::1 - - [22/Mar/2018:20:20:43 +0000] "GET /users/yonaycl@gmail.com HTTP/1.1" 500 - "-" "Mozilla/5.0 (Windows NT 10.0; Win64; x64) AppleWebKit/537.36 (KHTML, like Gecko) Chrome/65.0.3325.181 Safari/537.36"
::1 - - [22/Mar/2018:20:20:55 +0000] "GET /users/yonaycl@gmail.com HTTP/1.1" 500 - "-" "Mozilla/5.0 (Windows NT 10.0; Win64; x64) AppleWebKit/537.36 (KHTML, like Gecko) Chrome/65.0.3325.181 Safari/537.36"
::1 - - [22/Mar/2018:20:21:37 +0000] "GET /users/yonaycl@gmail.com HTTP/1.1" 200 218 "-" "Mozilla/5.0 (Windows NT 10.0; Win64; x64) AppleWebKit/537.36 (KHTML, like Gecko) Chrome/65.0.3325.181 Safari/537.36"
::1 - - [22/Mar/2018:20:21:48 +0000] "GET /users/feliix HTTP/1.1" 500 - "-" "Mozilla/5.0 (Windows NT 10.0; Win64; x64) AppleWebKit/537.36 (KHTML, like Gecko) Chrome/65.0.3325.181 Safari/537.36"
::1 - - [22/Mar/2018:20:21:55 +0000] "GET /users/yonaycl@gmail.com HTTP/1.1" 500 - "-" "Mozilla/5.0 (Windows NT 10.0; Win64; x64) AppleWebKit/537.36 (KHTML, like Gecko) Chrome/65.0.3325.181 Safari/537.36"
::1 - - [22/Mar/2018:20:21:59 +0000] "GET /users/yonaycl@gmail.com HTTP/1.1" 500 - "-" "Mozilla/5.0 (Windows NT 10.0; Win64; x64) AppleWebKit/537.36 (KHTML, like Gecko) Chrome/65.0.3325.181 Safari/537.36"
::1 - - [22/Mar/2018:20:22:07 +0000] "GET /users/yonaycl@gmail.com HTTP/1.1" 200 218 "-" "Mozilla/5.0 (Windows NT 10.0; Win64; x64) AppleWebKit/537.36 (KHTML, like Gecko) Chrome/65.0.3325.181 Safari/537.36"
::1 - - [23/Mar/2018:11:17:07 +0000] "GET /users HTTP/1.1" 500 - "-" "Mozilla/5.0 (Windows NT 10.0; Win64; x64) AppleWebKit/537.36 (KHTML, like Gecko) Chrome/65.0.3325.181 Safari/537.36"
::1 - - [23/Mar/2018:11:17:07 +0000] "GET /favicon.ico HTTP/1.1" 404 150 "http://localhost:5000/users" "Mozilla/5.0 (Windows NT 10.0; Win64; x64) AppleWebKit/537.36 (KHTML, like Gecko) Chrome/65.0.3325.181 Safari/537.36"
::1 - - [23/Mar/2018:11:19:41 +0000] "GET /users HTTP/1.1" 200 218 "-" "Mozilla/5.0 (Windows NT 10.0; Win64; x64) AppleWebKit/537.36 (KHTML, like Gecko) Chrome/65.0.3325.181 Safari/537.36"
::1 - - [23/Mar/2018:11:19:54 +0000] "GET /users HTTP/1.1" 304 - "-" "Mozilla/5.0 (Windows NT 10.0; Win64; x64) AppleWebKit/537.36 (KHTML, like Gecko) Chrome/65.0.3325.181 Safari/537.36"
::1 - - [23/Mar/2018:11:19:56 +0000] "GET /users HTTP/1.1" 304 - "-" "Mozilla/5.0 (Windows NT 10.0; Win64; x64) AppleWebKit/537.36 (KHTML, like Gecko) Chrome/65.0.3325.181 Safari/537.36"
::1 - - [23/Mar/2018:11:20:29 +0000] "GET /tweets HTTP/1.1" 304 - "-" "Mozilla/5.0 (Windows NT 10.0; Win64; x64) AppleWebKit/537.36 (KHTML, like Gecko) Chrome/65.0.3325.181 Safari/537.36"
::1 - - [23/Mar/2018:11:20:36 +0000] "GET /users HTTP/1.1" 304 - "-" "Mozilla/5.0 (Windows NT 10.0; Win64; x64) AppleWebKit/537.36 (KHTML, like Gecko) Chrome/65.0.3325.181 Safari/537.36"
::1 - - [23/Mar/2018:11:22:47 +0000] "GET /tweets HTTP/1.1" 304 - "-" "Mozilla/5.0 (Windows NT 10.0; Win64; x64) AppleWebKit/537.36 (KHTML, like Gecko) Chrome/65.0.3325.181 Safari/537.36"
::1 - - [23/Mar/2018:11:25:24 +0000] "GET /users HTTP/1.1" 304 - "-" "Mozilla/5.0 (Windows NT 10.0; Win64; x64) AppleWebKit/537.36 (KHTML, like Gecko) Chrome/65.0.3325.181 Safari/537.36"
::1 - - [23/Mar/2018:11:25:53 +0000] "GET /users/yonaycl@gmail.com HTTP/1.1" 304 - "-" "Mozilla/5.0 (Windows NT 10.0; Win64; x64) AppleWebKit/537.36 (KHTML, like Gecko) Chrome/65.0.3325.181 Safari/537.36"
::1 - - [23/Mar/2018:11:29:16 +0000] "GET /users/yonaycl@gmail.com/tweets/yonaycl@gmail.com1521632389453 HTTP/1.1" 500 - "-" "Mozilla/5.0 (Windows NT 10.0; Win64; x64) AppleWebKit/537.36 (KHTML, like Gecko) Chrome/65.0.3325.181 Safari/537.36"
::1 - - [23/Mar/2018:11:30:10 +0000] "GET /users/yonaycl@gmail.com/tweets/yonaycl@gmail.com1521632389453 HTTP/1.1" 200 98 "-" "Mozilla/5.0 (Windows NT 10.0; Win64; x64) AppleWebKit/537.36 (KHTML, like Gecko) Chrome/65.0.3325.181 Safari/537.36"
::1 - - [23/Mar/2018:11:53:17 +0000] "POST /users HTTP/1.1" 500 - "-" "PostmanRuntime/7.1.1"
::1 - - [23/Mar/2018:11:53:53 +0000] "POST /users HTTP/1.1" 200 520 "-" "PostmanRuntime/7.1.1"
::1 - - [23/Mar/2018:11:54:50 +0000] "POST /users HTTP/1.1" 200 159 "-" "PostmanRuntime/7.1.1"
::1 - - [23/Mar/2018:12:15:23 +0000] "DELETE /users/jhonatan@gmail.com1521806090529 HTTP/1.1" - - "-" "PostmanRuntime/7.1.1"
::1 - - [23/Mar/2018:12:16:05 +0000] "DELETE /users/jhonatan@gmail.com1521806090529 HTTP/1.1" - - "-" "PostmanRuntime/7.1.1"
::1 - - [23/Mar/2018:12:16:40 +0000] "DELETE /users/jhonatan@gmail.com1521806090529 HTTP/1.1" - - "-" "PostmanRuntime/7.1.1"
::1 - - [23/Mar/2018:12:17:19 +0000] "DELETE /users/jhonatan@gmail.com1521806090529 HTTP/1.1" - - "-" "PostmanRuntime/7.1.1"
::1 - - [23/Mar/2018:12:18:54 +0000] "GET /users/yonaycl@gmail.com/tweets/yonaycl@gmail.com1521632389453 HTTP/1.1" 304 - "-" "Mozilla/5.0 (Windows NT 10.0; Win64; x64) AppleWebKit/537.36 (KHTML, like Gecko) Chrome/65.0.3325.181 Safari/537.36"
::1 - - [23/Mar/2018:12:19:03 +0000] "GET /users/yonaycl@gmail.com/users/yonaycl@gmail.com HTTP/1.1" 404 186 "-" "Mozilla/5.0 (Windows NT 10.0; Win64; x64) AppleWebKit/537.36 (KHTML, like Gecko) Chrome/65.0.3325.181 Safari/537.36"
::1 - - [23/Mar/2018:12:19:10 +0000] "GET /users/yonaycl@gmail.com/users/yonaycl@gmail.com HTTP/1.1" 404 186 "-" "Mozilla/5.0 (Windows NT 10.0; Win64; x64) AppleWebKit/537.36 (KHTML, like Gecko) Chrome/65.0.3325.181 Safari/537.36"
::1 - - [23/Mar/2018:12:19:14 +0000] "GET /users/yonaycl@gmail.com HTTP/1.1" 200 236 "-" "Mozilla/5.0 (Windows NT 10.0; Win64; x64) AppleWebKit/537.36 (KHTML, like Gecko) Chrome/65.0.3325.181 Safari/537.36"
::1 - - [23/Mar/2018:12:19:17 +0000] "GET /users/ HTTP/1.1" 200 396 "-" "Mozilla/5.0 (Windows NT 10.0; Win64; x64) AppleWebKit/537.36 (KHTML, like Gecko) Chrome/65.0.3325.181 Safari/537.36"
::1 - - [23/Mar/2018:12:19:39 +0000] "DELETE /users/jhonatan@gmail.com1521806090529 HTTP/1.1" - - "-" "PostmanRuntime/7.1.1"
::1 - - [23/Mar/2018:12:20:26 +0000] "DELETE /users/jhonatan@gmail.com1521806090529 HTTP/1.1" - - "-" "PostmanRuntime/7.1.1"
::1 - - [23/Mar/2018:12:23:20 +0000] "DELETE /users/jhonatan@gmail.com1521806090529 HTTP/1.1" 200 115 "-" "PostmanRuntime/7.1.1"
::1 - - [23/Mar/2018:12:24:20 +0000] "DELETE /users/jhonatan@gmail.com1521806090529 HTTP/1.1" 200 14 "-" "PostmanRuntime/7.1.1"
::1 - - [23/Mar/2018:12:26:09 +0000] "GET /users/ HTTP/1.1" 200 236 "-" "Mozilla/5.0 (Windows NT 10.0; Win64; x64) AppleWebKit/537.36 (KHTML, like Gecko) Chrome/65.0.3325.181 Safari/537.36"
::1 - - [23/Mar/2018:12:37:49 +0000] "POST /users/ HTTP/1.1" 200 159 "-" "PostmanRuntime/7.1.1"
::1 - - [23/Mar/2018:12:38:43 +0000] "PUT /users/jhonatan@gmail.com1521808669258 HTTP/1.1" 500 - "-" "PostmanRuntime/7.1.1"
::1 - - [23/Mar/2018:12:39:44 +0000] "PUT /users/jhonatan@gmail.com1521808669258 HTTP/1.1" 500 - "-" "PostmanRuntime/7.1.1"
::1 - - [23/Mar/2018:12:41:01 +0000] "PUT /users/jhonatan@gmail.com1521808669258 HTTP/1.1" 500 - "-" "PostmanRuntime/7.1.1"
::1 - - [23/Mar/2018:12:41:58 +0000] "PUT /users/jhonatan@gmail.com1521808669258 HTTP/1.1" 200 184 "-" "PostmanRuntime/7.1.1"
::1 - - [23/Mar/2018:12:42:11 +0000] "PUT /users/jhonatan@gmail.com1521808669258 HTTP/1.1" 200 403 "-" "PostmanRuntime/7.1.1"
::1 - - [23/Mar/2018:12:42:55 +0000] "PUT /users/jhonatan@gmail.com1521808669258 HTTP/1.1" 200 190 "-" "PostmanRuntime/7.1.1"
